<?xml version="1.0" encoding="UTF-8"?>
<testsuite name="com.tranhuan.peopledb.repository.PeopleRepositoryTests" tests="9" skipped="1" failures="0" errors="0" timestamp="2023-04-05T16:44:52" hostname="DESKTOP-55FQVQL" time="33.964">
  <properties/>
  <testcase name="canFindById()" classname="com.tranhuan.peopledb.repository.PeopleRepositoryTests" time="0.696"/>
  <testcase name="testPersonIdNotFound()" classname="com.tranhuan.peopledb.repository.PeopleRepositoryTests" time="0.068"/>
  <testcase name="canDelete()" classname="com.tranhuan.peopledb.repository.PeopleRepositoryTests" time="13.982"/>
  <testcase name="canSaveTwoPeople()" classname="com.tranhuan.peopledb.repository.PeopleRepositoryTests" time="0.063"/>
  <testcase name="canUpdate()" classname="com.tranhuan.peopledb.repository.PeopleRepositoryTests" time="0.069"/>
  <testcase name="canSavePersonWithAddress()" classname="com.tranhuan.peopledb.repository.PeopleRepositoryTests" time="0.069"/>
  <testcase name="canLoadData()" classname="com.tranhuan.peopledb.repository.PeopleRepositoryTests" time="0.002">
    <skipped/>
  </testcase>
  <testcase name="canSaveOnePerson()" classname="com.tranhuan.peopledb.repository.PeopleRepositoryTests" time="0.048"/>
  <testcase name="canDeleteTwoPeople()" classname="com.tranhuan.peopledb.repository.PeopleRepositoryTests" time="18.94"/>
  <system-out><![CDATA[1
1
1
1
5000865
1
5000866
1
null
72000.99
1
1
1
1
1
]]></system-out>
  <system-err><![CDATA[]]></system-err>
</testsuite>
