<?xml version="1.0" encoding="UTF-8"?>
<testsuite name="com.tranhuan.peopledb.repository.PeopleRepositoryTests" tests="7" skipped="0" failures="0" errors="0" timestamp="2023-04-02T17:21:51" hostname="DESKTOP-55FQVQL" time="92.821">
  <properties/>
  <testcase name="canFindById()" classname="com.tranhuan.peopledb.repository.PeopleRepositoryTests" time="10.996"/>
  <testcase name="testPersonIdNotFound()" classname="com.tranhuan.peopledb.repository.PeopleRepositoryTests" time="11.202"/>
  <testcase name="canDelete()" classname="com.tranhuan.peopledb.repository.PeopleRepositoryTests" time="22.712"/>
  <testcase name="canSaveTwoPeople()" classname="com.tranhuan.peopledb.repository.PeopleRepositoryTests" time="0.009"/>
  <testcase name="canUpdate()" classname="com.tranhuan.peopledb.repository.PeopleRepositoryTests" time="27.932"/>
  <testcase name="canSaveOnePerson()" classname="com.tranhuan.peopledb.repository.PeopleRepositoryTests" time="0.026"/>
  <testcase name="canDeleteTwoPeople()" classname="com.tranhuan.peopledb.repository.PeopleRepositoryTests" time="19.904"/>
  <system-out><![CDATA[1
1
1
1
5000737
1
5000738
1
null
72000.99
1
1
1
]]></system-out>
  <system-err><![CDATA[]]></system-err>
</testsuite>
